"../../../Engine/Content/Animation/DefaultAnimCurveCompressionSettings.uasset" 0
"../../../Engine/Content/Animation/DefaultRecorderBoneCompression.uasset" 1
"../../../Engine/Content/ArtTools/RenderToTexture/Enums/RenderToTexture_Enum.uasset" 2
"../../../Engine/Content/ArtTools/RenderToTexture/Enums/RenderToTexture_Flipbook_Enum.uasset" 3
"../../../Engine/Content/ArtTools/RenderToTexture/Enums/RenderToTexture_Imposter_Enum.uasset" 4
"../../../Engine/Content/EditorBlueprintResources/StandardMacros.uasset" 5
"../../../Engine/Content/ArtTools/RenderToTexture/Enums/EIntTypes.uasset" 6
"../../../Engine/Content/ArtTools/RenderToTexture/Macros/RenderToTextureFunctionLibrary.uasset" 7
"../../../Engine/Content/ArtTools/RenderToTexture/Enums/EFloatTypes.uasset" 8
"../../../Engine/Content/ArtTools/RenderToTexture/Macros/RenderToTextureMacros.uasset" 9
"../../../Engine/Content/Functions/Engine_MaterialFunctions01/Opacity/CameraDepthFade.uasset" 10
"../../../Engine/Content/EngineMaterials/T_Default_Material_Grid_M.uasset" 11
"../../../Engine/Content/EngineMaterials/T_Default_Material_Grid_N.uasset" 12
"../../../Engine/Content/EngineMaterials/WorldGridMaterial.uasset" 13
"../../../Engine/Content/ArtTools/RenderToTexture/Meshes/S_1_Unit_Plane.uasset" 14
"../../../Engine/Content/EngineMaterials/DefaultMaterial.uasset" 15
"../../../Engine/Content/BasicShapes/Cylinder.uasset" 16
"../../../Engine/Content/EngineMaterials/DefaultPhysicalMaterial.uasset" 17
"../../../Engine/Content/BufferVisualization/AmbientOcclusion.uasset" 18
"../../../Engine/Content/BufferVisualization/BaseColor.uasset" 19
"../../../Engine/Content/BufferVisualization/CustomDepth.uasset" 20
"../../../Engine/Content/Functions/Engine_MaterialFunctions02/Utility/VectorLength.uasset" 21
"../../../Engine/Content/BufferVisualization/CustomDepthWorldUnits.uasset" 22
"../../../Engine/Content/Functions/Engine_MaterialFunctions02/Utility/BreakOutFloat2Components.uasset" 23
"../../../Engine/Content/Functions/Engine_MaterialFunctions01/Texturing/ScaleUVsByCenter.uasset" 24
"../../../Engine/Content/Functions/Engine_MaterialFunctions02/ScreenResolution.uasset" 25
"../../../Engine/Content/Functions/Engine_MaterialFunctions02/Texturing/ScreenAlignedUVs.uasset" 26
"../../../Engine/Content/Functions/Engine_MaterialFunctions02/Utility/MakeFloat2.uasset" 27
"../../../Engine/Content/Functions/Engine_MaterialFunctions02/Utility/MakeFloat3.uasset" 28
"../../../Engine/Content/EngineMaterials/MiniFont.uasset" 29
"../../../Engine/Content/BufferVisualization/CustomStencil.uasset" 30
"../../../Engine/Content/BufferVisualization/FinalImage.uasset" 31
"../../../Engine/Content/BufferVisualization/LightingModel.uasset" 32
"../../../Engine/Content/BufferVisualization/MaterialAO.uasset" 33
"../../../Engine/Content/BufferVisualization/Metallic.uasset" 34
"../../../Engine/Content/BufferVisualization/Opacity.uasset" 35
"../../../Engine/Content/BufferVisualization/PostTonemapHDRColor.uasset" 36
"../../../Engine/Content/BufferVisualization/PreTonemapHDRColor.uasset" 37
"../../../Engine/Content/BufferVisualization/Roughness.uasset" 38
"../../../Engine/Content/BufferVisualization/SceneColor.uasset" 39
"../../../Engine/Content/BufferVisualization/SceneDepth.uasset" 40
"../../../Engine/Content/BufferVisualization/SceneDepthWorldUnits.uasset" 41
"../../../Engine/Content/BufferVisualization/SeparateTranslucencyA.uasset" 42
"../../../Engine/Content/BufferVisualization/SeparateTranslucencyRGB.uasset" 43
"../../../Engine/Content/BufferVisualization/Specular.uasset" 44
"../../../Engine/Content/BufferVisualization/SubsurfaceColor.uasset" 45
"../../../Engine/Content/BufferVisualization/Velocity.uasset" 46
"../../../Engine/Content/BufferVisualization/WorldNormal.uasset" 47
"../../../Engine/Content/EditorBlueprintResources/ActorMacros.uasset" 48
"../../../Engine/Content/EditorLandscapeResources/DataLayer.uasset" 49
"../../../Engine/Content/EditorLandscapeResources/DefaultAlphaTexture.uasset" 50
"../../../Engine/Content/EditorLandscapeResources/LandscapeGizmoHeight_Mat.uasset" 51
"../../../Engine/Content/EditorLandscapeResources/LandscapeGizmo_Mat.uasset" 52
"../../../Engine/Content/EditorLandscapeResources/LandscapeGizmo_Mat_Copied.uasset" 53
"../../../Engine/Content/EditorLandscapeResources/SplineEditorMeshMat.uasset" 54
"../../../Engine/Content/EditorLandscapeResources/SplineEditorMesh.uasset" 55
"../../../Engine/Content/EditorMaterials/Cross.uasset" 56
"../../../Engine/Content/EditorMaterials/Cross_Mat.uasset" 57
"../../../Engine/Content/EngineMaterials/DefaultDiffuse.uasset" 58
"../../../Engine/Content/Functions/Engine_MaterialFunctions01/Texturing/TextureCropping.uasset" 59
"../../../Engine/Content/Functions/Engine_MaterialFunctions01/Texturing/ComputeMipLevel.uasset" 60
"../../../Engine/Content/Functions/Engine_MaterialFunctions02/ExampleContent/DebugNumberStrip.uasset" 61
"../../../Engine/Content/Functions/Engine_MaterialFunctions02/ExampleContent/Textures/DebugNumberPeriod.uasset" 62
"../../../Engine/Content/Functions/Engine_MaterialFunctions02/Utility/DebugScalarValues.uasset" 63
"../../../Engine/Content/Functions/Engine_MaterialFunctions02/Utility/DebugFloat2Values.uasset" 64
"../../../Engine/Content/Functions/Engine_MaterialFunctions02/ExampleContent/Textures/flipbook.uasset" 65
"../../../Engine/Content/Functions/Engine_MaterialFunctions02/Texturing/FlipBook.uasset" 66
"../../../Engine/Content/Functions/Engine_MaterialFunctions02/Utility/Sign.uasset" 67
"../../../Engine/Content/Functions/Engine_MaterialFunctions02/Utility/Round.uasset" 68
"../../../Engine/Content/EditorResources/T_EditorHelp.uasset" 69
"../../../Engine/Content/EditorMaterials/HelpActorMaterial.uasset" 70
"../../../Engine/Content/EditorMaterials/CompositeARGBLayer.uasset" 71
"../../../Engine/Content/EditorMaterials/TilingAALineIntegral.uasset" 72
"../../../Engine/Content/EditorMaterials/TilingAALineBoxFiltered.uasset" 73
"../../../Engine/Content/Functions/Engine_MaterialFunctions03/Procedurals/ComputeFilterWidth.uasset" 74
"../../../Engine/Content/EditorMaterials/TilingAADots.uasset" 75
"../../../Engine/Content/EngineMaterials/BlendFunc_DefBase.uasset" 76
"../../../Engine/Content/EngineMaterials/BlendFunc_DefBlend.uasset" 77
"../../../Engine/Content/Functions/Engine_MaterialFunctions03/Blends/Blend_Screen.uasset" 78
"../../../Engine/Content/EditorMaterials/TilingAAGrid.uasset" 79
"../../../Engine/Content/EditorMaterials/LevelGridMaterial.uasset" 80
"../../../Engine/Content/EditorMaterials/MakeCompositeARGBLayer.uasset" 81
"../../../Engine/Content/EditorResources/LevelGrid1DStripes.uasset" 82
"../../../Engine/Content/EditorMaterials/TextureGridCascaded1D.uasset" 83
"../../../Engine/Content/EditorMaterials/TextureGridCascaded2D.uasset" 84
"../../../Engine/Content/EditorMaterials/LevelGridMaterial2.uasset" 85
"../../../Engine/Content/EditorMaterials/MAT_Groups_Toggle.uasset" 86
"../../../Engine/Content/EditorMaterials/MAT_Groups_Visibility.uasset" 87
"../../../Engine/Content/EditorMaterials/AntialiasedGridFloor.uasset" 88
"../../../Engine/Content/EditorResources/TilePatine_D.uasset" 89
"../../../Engine/Content/EditorResources/TilePatine_N.uasset" 90
"../../../Engine/Content/EngineMaterials/Grid.uasset" 91
"../../../Engine/Content/EditorMaterials/PersonaFloorMat.uasset" 92
"../../../Engine/Content/EditorMaterials/PhAT_BoneSelectedMaterial.uasset" 93
"../../../Engine/Content/EditorMaterials/PhAT_ElemSelectedMaterial.uasset" 94
"../../../Engine/Content/EditorMaterials/PhAT_NoCollisionMaterial.uasset" 95
"../../../Engine/Content/EditorMaterials/PhAT_UnselectedMaterial.uasset" 96
"../../../Engine/Content/EditorMaterials/PreviewShadowIndicator.uasset" 97
"../../../Engine/Content/EditorMaterials/PreviewShadowIndicatorMaterial.uasset" 98
"../../../Engine/Content/EditorMaterials/TargetIcon.uasset" 99
"../../../Engine/Content/EditorMaterials/Tick.uasset" 100
"../../../Engine/Content/EditorMaterials/Tick_Mat.uasset" 101
"../../../Engine/Content/EditorMaterials/WidgetGridVertexColorMaterial.uasset" 102
"../../../Engine/Content/EditorMaterials/WidgetGridVertexColorMaterial_Ma.uasset" 103
"../../../Engine/Content/EditorMaterials/WidgetMaterial.uasset" 104
"../../../Engine/Content/EditorMaterials/WidgetMaterial_Current.uasset" 105
"../../../Engine/Content/EditorMaterials/WidgetMaterial_X.uasset" 106
"../../../Engine/Content/EditorMaterials/WidgetMaterial_Y.uasset" 107
"../../../Engine/Content/EditorMaterials/WidgetMaterial_Z.uasset" 108
"../../../Engine/Content/EditorMaterials/WidgetVertexColorMaterial.uasset" 109
"../../../Engine/Content/EditorMaterials/AssetViewer/EpicQuadPanorama_CC+EV1.uasset" 110
"../../../Engine/Content/MapTemplates/Sky/SunsetAmbientCubemap.uasset" 111
"../../../Engine/Content/EditorMaterials/AssetViewer/M_SkyBox.uasset" 112
"../../../Engine/Content/EditorMaterials/MatineeGroups/MAT_ColorTrack.uasset" 113
"../../../Engine/Content/EditorMaterials/MatineeGroups/MAT_Groups_Anim.uasset" 114
"../../../Engine/Content/EditorMaterials/MatineeGroups/MAT_Groups_AudioMaster.uasset" 115
"../../../Engine/Content/EditorMaterials/MatineeGroups/MAT_Groups_Director.uasset" 116
"../../../Engine/Content/EditorMaterials/MatineeGroups/MAT_Groups_Event.uasset" 117
"../../../Engine/Content/EditorMaterials/MatineeGroups/MAT_Groups_Fade.uasset" 118
"../../../Engine/Content/EditorMaterials/MatineeGroups/MAT_Groups_Float.uasset" 119
"../../../Engine/Content/EditorMaterials/MatineeGroups/MAT_Groups_Move.uasset" 120
"../../../Engine/Content/EditorMaterials/MatineeGroups/MAT_Groups_Slomo.uasset" 121
"../../../Engine/Content/EditorMaterials/MatineeGroups/MAT_Groups_Sound.uasset" 122
"../../../Engine/Content/EditorMaterials/MatineeGroups/MAT_Groups_Vector.uasset" 123
"../../../Engine/Content/EditorMaterials/ParticleSystems/PSysThumbnail_NoImage.uasset" 124
"../../../Engine/Content/EditorMaterials/ParticleSystems/PSysThumbnail_OOD.uasset" 125
"../../../Engine/Content/EditorMaterials/Thumbnails/FloorPlaneMaterial.uasset" 126
"../../../Engine/Content/EditorMeshes/EditorCube.uasset" 127
"../../../Engine/Content/EditorMeshes/EditorCylinder.uasset" 128
"../../../Engine/Content/EditorMeshes/EditorPlane.uasset" 129
"../../../Engine/Content/EditorMaterials/Thumbnails/SkySphereMaterial.uasset" 130
"../../../Engine/Content/EditorMeshes/EditorSkySphere.uasset" 131
"../../../Engine/Content/EditorMeshes/EditorSphere.uasset" 132
"../../../Engine/Content/EditorResources/MatineeCam_D.uasset" 133
"../../../Engine/Content/EditorMaterials/MatineeCam_mat.uasset" 134
"../../../Engine/Content/EditorMeshes/MatineeCam_SM.uasset" 135
"../../../Engine/Content/Functions/Engine_MaterialFunctions01/Shading/ConvertFromDiffSpec.uasset" 136
"../../../Engine/Content/EditorMaterials/GridMaterial.uasset" 137
"../../../Engine/Content/EditorMeshes/PhAT_FloorBox.uasset" 138
"../../../Engine/Content/EditorMeshes/PlanarReflectionPlane.uasset" 139
"../../../Engine/Content/EditorMeshes/AssetViewer/Floor_Mesh.uasset" 140
"../../../Engine/Content/EditorMeshes/AssetViewer/Sphere_inversenormals.uasset" 141
"../../../Engine/Content/EditorMaterials/Camera/CineMat.uasset" 142
"../../../Engine/Content/EditorMaterials/Camera/MI_CineMat_CameraBody.uasset" 143
"../../../Engine/Content/EngineDebugMaterials/M_SimpleOpaque.uasset" 144
"../../../Engine/Content/EditorMaterials/Camera/MI_CineMat_CamViewFinder.uasset" 145
"../../../Engine/Content/EditorMeshes/Camera/SM_CineCam.uasset" 146
"../../../Engine/Content/EditorMaterials/Camera/MI_CineMat_Rig.uasset" 147
"../../../Engine/Content/EditorMeshes/Camera/SM_CraneRig_Arm.uasset" 148
"../../../Engine/Content/EditorMeshes/Camera/SM_CraneRig_Base.uasset" 149
"../../../Engine/Content/EditorMeshes/Camera/SM_CraneRig_Body.uasset" 150
"../../../Engine/Content/EditorMeshes/Camera/SM_CraneRig_Mount.uasset" 151
"../../../Engine/Content/EditorMeshes/Camera/SM_RailRig_Mount.uasset" 152
"../../../Engine/Content/EditorMeshes/Camera/SM_RailRig_Track.uasset" 153
"../../../Engine/Content/EditorMeshes/ColorCalibrator/M_ChromeBall.uasset" 154
"../../../Engine/Content/EditorResources/Bad.uasset" 155
"../../../Engine/Content/EditorResources/BadBlueprintSprite.uasset" 156
"../../../Engine/Content/EditorResources/BSPVertex.uasset" 157
"../../../Engine/Content/EditorResources/EmptyActor.uasset" 158
"../../../Engine/Content/EditorResources/MatInstActSprite.uasset" 159
"../../../Engine/Content/EditorResources/SceneManager.uasset" 160
"../../../Engine/Content/EditorResources/SmallFont.uasset" 161
"../../../Engine/Content/EditorResources/S_Actor.uasset" 162
"../../../Engine/Content/EditorResources/S_CameraShakeSource.uasset" 163
"../../../Engine/Content/EditorResources/S_DecalActorIcon.uasset" 164
"../../../Engine/Content/EditorResources/S_Emitter.uasset" 165
"../../../Engine/Content/EditorResources/S_ExpoHeightFog.uasset" 166
"../../../Engine/Content/EditorResources/S_FTest.uasset" 167
"../../../Engine/Content/EditorResources/S_KBSJoint.uasset" 168
"../../../Engine/Content/EditorResources/S_KHinge.uasset" 169
"../../../Engine/Content/EditorResources/S_KPrismatic.uasset" 170
"../../../Engine/Content/EditorResources/S_LevelSequence.uasset" 171
"../../../Engine/Content/EditorResources/S_NavP.uasset" 172
"../../../Engine/Content/EditorResources/S_Note.uasset" 173
"../../../Engine/Content/EditorResources/S_Player.uasset" 174
"../../../Engine/Content/EditorResources/S_PortalActorIcon2.uasset" 175
"../../../Engine/Content/EditorResources/S_RadForce.uasset" 176
"../../../Engine/Content/EditorResources/S_ReflActorIcon.uasset" 177
"../../../Engine/Content/EditorResources/S_SkyAtmosphere.uasset" 178
"../../../Engine/Content/EditorResources/S_Solver.uasset" 179
"../../../Engine/Content/EditorResources/S_Terrain.uasset" 180
"../../../Engine/Content/EditorResources/S_TextRenderActorIcon.uasset" 181
"../../../Engine/Content/EditorResources/S_Thruster.uasset" 182
"../../../Engine/Content/EditorResources/S_Trigger.uasset" 183
"../../../Engine/Content/EditorResources/S_VectorFieldVol.uasset" 184
"../../../Engine/Content/EditorResources/S_WindDirectional.uasset" 185
"../../../Engine/Content/EditorResources/AI/S_NavLink.uasset" 186
"../../../Engine/Content/EditorResources/LightIcons/SkyLight.uasset" 187
"../../../Engine/Content/EditorResources/LightIcons/S_LightDirectional.uasset" 188
"../../../Engine/Content/EditorResources/LightIcons/S_LightDirectionalMove.uasset" 189
"../../../Engine/Content/EditorResources/LightIcons/S_LightError.uasset" 190
"../../../Engine/Content/EditorResources/LightIcons/S_LightPoint.uasset" 191
"../../../Engine/Content/EditorResources/LightIcons/S_LightPointMove.uasset" 192
"../../../Engine/Content/EditorResources/LightIcons/S_LightSpot.uasset" 193
"../../../Engine/Content/EditorResources/LightIcons/S_LightSpotMove.uasset" 194
"../../../Engine/Content/EditorResources/SequenceRecorder/Countdown.uasset" 195
"../../../Engine/Content/EditorResources/SequenceRecorder/RecordingIndicator.uasset" 196
"../../../Engine/Content/EditorResources/Spline/T_Loft_Spline.uasset" 197
"../../../Engine/Content/EditorSounds/Notifications/CompileFailed.uasset" 198
"../../../Engine/Content/EditorSounds/Notifications/CompileFailed_Cue.uasset" 199
"../../../Engine/Content/EditorSounds/Notifications/CompileSuccess.uasset" 200
"../../../Engine/Content/EditorSounds/Notifications/CompileStart_Cue.uasset" 201
"../../../Engine/Content/EditorSounds/Notifications/CompileSuccess_Cue.uasset" 202
"../../../Engine/Content/EngineDamageTypes/DmgTypeBP_Environmental.uasset" 203
"../../../Engine/Content/EngineDebugMaterials/HeatmapGradient.uasset" 204
"../../../Engine/Content/EngineDebugMaterials/BoneWeightMaterial.uasset" 205
"../../../Engine/Content/EngineDebugMaterials/ClothMaterial.uasset" 206
"../../../Engine/Content/EngineDebugMaterials/ClothMaterial_WF.uasset" 207
"../../../Engine/Content/EngineDebugMaterials/DebugEditorMaterial.uasset" 208
"../../../Engine/Content/EngineDebugMaterials/DebugMeshMaterial.uasset" 209
"../../../Engine/Content/EngineDebugMaterials/GeomMaterial.uasset" 210
"../../../Engine/Content/EngineDebugMaterials/LevelColorationLitMaterial.uasset" 211
"../../../Engine/Content/EngineDebugMaterials/LevelColorationUnlitMaterial.uasset" 212
"../../../Engine/Content/EngineMaterials/DefaultWhiteGrid.uasset" 213
"../../../Engine/Content/EngineDebugMaterials/MAT_LevelColorationLitLightmapUV.uasset" 214
"../../../Engine/Content/EngineDebugMaterials/M_SimpleUnlitTranslucent.uasset" 215
"../../../Engine/Content/Functions/Engine_MaterialFunctions02/Utility/CameraDirectionVector.uasset" 216
"../../../Engine/Content/EngineDebugMaterials/VolumeToRender.uasset" 217
"../../../Engine/Content/EngineDebugMaterials/M_VolumeRenderSphereTracePP.uasset" 218
"../../../Engine/Content/EngineMaterials/DefaultWhiteGrid_Low.uasset" 219
"../../../Engine/Content/EngineDebugMaterials/PhysicalMaterialMaskMaterial.uasset" 220
"../../../Engine/Content/EngineDebugMaterials/ShadedLevelColorationLitMaterial.uasset" 221
"../../../Engine/Content/EngineDebugMaterials/ShadedLevelColorationUnlitMateri.uasset" 222
"../../../Engine/Content/EngineDebugMaterials/VertexColorMaterial.uasset" 223
"../../../Engine/Content/EngineDebugMaterials/VertexColorViewMode_AlphaAsColor.uasset" 224
"../../../Engine/Content/EngineDebugMaterials/VertexColorViewMode_BlueOnly.uasset" 225
"../../../Engine/Content/EngineDebugMaterials/VertexColorViewMode_ColorOnly.uasset" 226
"../../../Engine/Content/EngineDebugMaterials/VertexColorViewMode_GreenOnly.uasset" 227
"../../../Engine/Content/EngineDebugMaterials/VertexColorViewMode_RedOnly.uasset" 228
"../../../Engine/Content/EngineDebugMaterials/WireframeMaterial.uasset" 229
"../../../Engine/Content/EngineFonts/Faces/DroidSansFallback.uasset" 230
"../../../Engine/Content/EngineFonts/Faces/RobotoBold.uasset" 231
"../../../Engine/Content/EngineFonts/Faces/RobotoBoldItalic.uasset" 232
"../../../Engine/Content/EngineFonts/Faces/RobotoItalic.uasset" 233
"../../../Engine/Content/EngineFonts/Faces/RobotoLight.uasset" 234
"../../../Engine/Content/EngineFonts/Faces/RobotoRegular.uasset" 235
"../../../Engine/Content/EngineFonts/Roboto.uasset" 236
"../../../Engine/Content/EngineFonts/Faces/RobotoTiny.uasset" 237
"../../../Engine/Content/EngineFonts/RobotoTiny.uasset" 238
"../../../Engine/Content/EngineFonts/SmallFont.uasset" 239
"../../../Engine/Content/EngineFonts/TinyFont.uasset" 240
"../../../Engine/Content/EngineMaterials/BaseFlattenDiffuseMap.uasset" 241
"../../../Engine/Content/EngineMaterials/BaseFlattenEmissiveMap.uasset" 242
"../../../Engine/Content/EngineMaterials/BaseFlattenGrayscaleMap.uasset" 243
"../../../Engine/Content/EngineMaterials/BaseFlattenNormalMap.uasset" 244
"../../../Engine/Content/EngineMaterials/BaseFlattenMaterial.uasset" 245
"../../../Engine/Content/EngineResources/WhiteSquareTexture.uasset" 246
"../../../Engine/Content/EngineMaterials/BlinkingCaret.uasset" 247
"../../../Engine/Content/EngineMaterials/BlueNoise.uasset" 248
"../../../Engine/Content/EngineMaterials/DefaultBloomKernel.uasset" 249
"../../../Engine/Content/EngineMaterials/DefaultBokeh.uasset" 250
"../../../Engine/Content/EngineMaterials/DefaultDeferredDecalMaterial.uasset" 251
"../../../Engine/Content/EngineMaterials/DefaultLightFunctionMaterial.uasset" 252
"../../../Engine/Content/EngineMaterials/DefaultNormal.uasset" 253
"../../../Engine/Content/EngineMaterials/DefaultPostProcessMaterial.uasset" 254
"../../../Engine/Content/EngineFonts/RobotoDistanceField.uasset" 255
"../../../Engine/Content/EngineMaterials/DefaultTextMaterialOpaque.uasset" 256
"../../../Engine/Content/EngineMaterials/EditorBrushMaterial.uasset" 257
"../../../Engine/Content/EngineMaterials/EmissiveMeshMaterial.uasset" 258
"../../../Engine/Content/EngineMaterials/GizmoMaterial.uasset" 259
"../../../Engine/Content/EngineMaterials/Good64x64TilingNoiseHighFreq.uasset" 260
"../../../Engine/Content/EngineMaterials/Grid_N.uasset" 261
"../../../Engine/Content/EngineMaterials/HighResolutionScreenshotMaskFunction.uasset" 262
"../../../Engine/Content/EngineMaterials/HighResScreenshot.uasset" 263
"../../../Engine/Content/EngineMaterials/HighResScreenshotCaptureRegion.uasset" 264
"../../../Engine/Content/EngineMaterials/HighResScreenshotMask.uasset" 265
"../../../Engine/Content/EngineMaterials/LandscapeHolePhysicalMaterial.uasset" 266
"../../../Engine/Content/EngineMaterials/InvalidLightmapSettings.uasset" 267
"../../../Engine/Content/EngineMaterials/M_InvalidLightmapSettings.uasset" 268
"../../../Engine/Content/EngineMaterials/PaperDiffuse.uasset" 269
"../../../Engine/Content/EngineMaterials/PaperNormal.uasset" 270
"../../../Engine/Content/Functions/Engine_MaterialFunctions02/WorldPositionOffset/CameraOffset.uasset" 271
"../../../Engine/Content/EngineMaterials/PhAT_JointLimitMaterial.uasset" 272
"../../../Engine/Content/EngineMaterials/PhysMat_Rubber.uasset" 273
"../../../Engine/Content/EngineMaterials/PreintegratedSkinBRDF.uasset" 274
"../../../Engine/Content/EngineMaterials/RemoveSurfaceMaterial.uasset" 275
"../../../Engine/Content/EngineMaterials/WeightMapPlaceholderTexture.uasset" 276
"../../../Engine/Content/Functions/Engine_MaterialFunctions01/ImageAdjustment/sRGBToLinear.uasset" 277
"../../../Engine/Content/Functions/Engine_MaterialFunctions02/Utility/BreakOutFloat3Components.uasset" 278
"../../../Engine/Content/EngineMaterials/Widget3DCameraPassThrough_Opaque_OneSided.uasset" 279
"../../../Engine/Content/EngineMaterials/Widget3DPassThrough.uasset" 280
"../../../Engine/Content/EngineMaterials/Widget3DPassThrough_Masked.uasset" 281
"../../../Engine/Content/EngineMaterials/Widget3DPassThrough_Opaque.uasset" 282
"../../../Engine/Content/EngineMaterials/Widget3DPassThrough_Masked_OneSided.uasset" 283
"../../../Engine/Content/EngineMaterials/Widget3DPassThrough_Opaque_OneSided.uasset" 284
"../../../Engine/Content/EngineMaterials/Widget3DPassThrough_Translucent.uasset" 285
"../../../Engine/Content/EngineMaterials/Widget3DPassThrough_Translucent_OneSided.uasset" 286
"../../../Engine/Content/EngineMeshes/Cylinder.uasset" 287
"../../../Engine/Content/EngineMeshes/Sphere.uasset" 288
"../../../Engine/Content/EngineResources/Black.uasset" 289
"../../../Engine/Content/EngineResources/DefaultTexture.uasset" 290
"../../../Engine/Content/EngineResources/DefaultTextureCube.uasset" 291
"../../../Engine/Content/EngineResources/DefaultVolumeTexture2D.uasset" 292
"../../../Engine/Content/EngineResources/DefaultVolumeTexture.uasset" 293
"../../../Engine/Content/EngineResources/GradientTexture0.uasset" 294
"../../../Engine/Content/EngineResources/StreamingPauseIcon.uasset" 295
"../../../Engine/Content/EngineResources/M_StreamingPause.uasset" 296
"../../../Engine/Content/EngineSounds/Master.uasset" 297
"../../../Engine/Content/Functions/Engine_MaterialFunctions01/Shading/PowerToRoughness.uasset" 298
"../../../Engine/Content/Maps/Templates/Thumbnails/Default.uasset" 299
"../../../Engine/Content/Maps/Templates/Thumbnails/TimeOfDay.uasset" 300
"../../../Engine/Content/Maps/Templates/Thumbnails/VR-Basic.uasset" 301
"../../../Engine/Content/MapTemplates/SM_Template_Map_Floor.uasset" 302
"../../../Engine/Content/MapTemplates/Sky/DaylightAmbientCubemap.uasset" 303
"../../../Engine/Content/MobileResources/T_MobileControls_texture.uasset" 304
"../../../Engine/Content/MobileResources/T_MobileMenu2.uasset" 305
"../../../Engine/Content/MobileResources/HUD/AnalogHat.uasset" 306
"../../../Engine/Content/MobileResources/HUD/VirtualJoystick_Background.uasset" 307
"../../../Engine/Content/MobileResources/HUD/VirtualJoystick_Thumb.uasset" 308
"../../../Engine/Content/MobileResources/HUD/DefaultVirtualJoysticks.uasset" 309
"../../../Engine/Content/MobileResources/HUD/LeftVirtualJoystickOnly.uasset" 310
"../../../Engine/Content/MobileResources/HUD/MobileHUDButton1_off.uasset" 311
"../../../Engine/Content/MobileResources/HUD/MobileHUDButton1_on.uasset" 312
"../../../Engine/Content/MobileResources/HUD/MobileHUDButton2_off.uasset" 313
"../../../Engine/Content/MobileResources/HUD/MobileHUDButton2_on.uasset" 314
"../../../Engine/Content/MobileResources/HUD/MobileHUDButton3.uasset" 315
"../../../Engine/Content/MobileResources/HUD/MobileHUDButtonFire.uasset" 316
"../../../Engine/Content/MobileResources/HUD/MobileHUDDirectionPad.uasset" 317
"../../../Engine/Content/MobileResources/HUD/MobileHUDDirectionPad2.uasset" 318
"../../../Engine/Content/MobileResources/HUD/MobileHUDDirectionPad3.uasset" 319
"../../../Engine/Content/MobileResources/HUD/MobileHUDDirectionStick.uasset" 320
"../../../Engine/Content/MobileResources/HUD/T_Castle_ThumbstickInner.uasset" 321
"../../../Engine/Content/MobileResources/HUD/T_Castle_ThumbstickOutter.uasset" 322
"../../../Engine/Content/Tutorial/ContentIntroCurve.uasset" 323
"../../../Engine/Content/Tutorial/Basics/LevelEditorAttract.uasset" 324
"../../../Engine/Content/Tutorial/Basics/TutorialAssets/icon_tab_Levels_40x.uasset" 325
"../../../Engine/Content/Tutorial/Basics/LevelEditorOverview.uasset" 326
"../../../Engine/Content/Tutorial/BlueprintTutorials/TutorialAssets/Blueprint_64x.uasset" 327
"../../../Engine/Content/Tutorial/BlueprintTutorials/BlueprintEditorTutorial.uasset" 328
"../../../Engine/Content/Tutorial/BlueprintTutorials/TutorialAssets/BlueprintInterface_64x.uasset" 329
"../../../Engine/Content/Tutorial/BlueprintTutorials/BlueprintInterfacesEditorOverview.uasset" 330
"../../../Engine/Content/Tutorial/BlueprintTutorials/TutorialAssets/Tutorial_BP_Interface.uasset" 331
"../../../Engine/Content/Tutorial/BlueprintTutorials/TutorialAssets/Tutorial_BP_MacroLib.uasset" 332
"../../../Engine/Content/Tutorial/SubEditors/GettingSubstance.uasset" 333
"../../../Engine/Content/Tutorial/SubEditors/MaterialEditorTutorial.uasset" 334
"../../../Engine/Content/Tutorial/SubEditors/TutorialAssets/TutorialMaterial.uasset" 335
"../../../Engine/Content/VREditor/LaserPointer/VR_LaserPower_01.uasset" 336
"../../../Engine/Content/VREditor/TransformGizmo/TransformGizmoMaterial.uasset" 337
"../../../Engine/Content/VREditor/TransformGizmo/TranslucentTransformGizmoMaterial.uasset" 338
"../../../Engine/Content/VREditor/TransformGizmo/BoundingBoxCorner.uasset" 339
"../../../Engine/Content/VREditor/TransformGizmo/BoundingBoxEdge.uasset" 340
"../../../Engine/Content/VREditor/TransformGizmo/PlaneTranslationHandle.uasset" 341
"../../../Engine/Content/VREditor/TransformGizmo/Main.uasset" 342
"../../../Engine/Content/VREditor/TransformGizmo/Xray.uasset" 343
"../../../Engine/Content/VREditor/TransformGizmo/SM_Sequencer_Key.uasset" 344
"../../../Engine/Content/VREditor/TransformGizmo/SM_Sequencer_Node.uasset" 345
"../../../../../UE4/UniGameJam/GameJam/Content/NewLevelSequence.uasset" 346
"../../../../../UE4/UniGameJam/GameJam/Content/Blueprints/Machines/Sphere.uasset" 347
"../../Plugins/2D/Paper2D/Content/PlaceholderTextures/DummySpriteTexture.uasset" 348
"../../Plugins/2D/Paper2D/Content/DummySprite.uasset" 349
"../../Plugins/2D/Paper2D/Content/DefaultPaperTerrainMaterial.uasset" 350
"../../Plugins/2D/Paper2D/Content/DefaultSpriteMaterial.uasset" 351
"../../Plugins/2D/Paper2D/Content/MaskedUnlitSpriteMaterial.uasset" 352
"../../Plugins/2D/Paper2D/Content/OpaqueUnlitSpriteMaterial.uasset" 353
"../../Plugins/FX/Niagara/Content/Enums/ENiagaraAnimTrailWidthMode.uasset" 354
"../../Plugins/FX/Niagara/Content/Enums/ENiagaraBoneSamplingMode.uasset" 355
"../../Plugins/FX/Niagara/Content/Enums/ENiagaraBoneSocketSamplingMode.uasset" 356
"../../Plugins/FX/Niagara/Content/Enums/ENiagaraBooleanLogicOps.uasset" 357
"../../Plugins/FX/Niagara/Content/Enums/ENiagaraBooleanLogicOps_v2.uasset" 358
"../../Plugins/FX/Niagara/Content/Enums/ENiagaraCalculateRadiusOptions.uasset" 359
"../../Plugins/FX/Niagara/Content/Enums/ENiagaraChannelCorrelation.uasset" 360
"../../Plugins/FX/Niagara/Content/Enums/ENiagaraCollisionRadiusOptions.uasset" 361
"../../Plugins/FX/Niagara/Content/Enums/ENiagaraCoordinateSpace.uasset" 362
"../../Plugins/FX/Niagara/Content/Enums/ENiagaraCurlNoiseQuality.uasset" 363
"../../Plugins/FX/Niagara/Content/Enums/ENiagaraEmitterLifeCycleMode.uasset" 364
"../../Plugins/FX/Niagara/Content/Enums/ENiagaraEmitterScalabilityMode.uasset" 365
"../../Plugins/FX/Niagara/Content/Enums/ENiagaraEmitterScalabilityMode_Limited.uasset" 366
"../../Plugins/FX/Niagara/Content/Enums/ENiagaraExecutionStateManagement.uasset" 367
"../../Plugins/FX/Niagara/Content/Enums/ENiagaraExpansionMode.uasset" 368
"../../Plugins/FX/Niagara/Content/Enums/ENiagaraFrictionMergeType.uasset" 369
"../../Plugins/FX/Niagara/Content/Enums/ENiagaraGPUDepthResponseType.uasset" 370
"../../Plugins/FX/Niagara/Content/Enums/ENiagaraGridPlacementType.uasset" 371
"../../Plugins/FX/Niagara/Content/Enums/ENiagaraInactiveMode.uasset" 372
"../../Plugins/FX/Niagara/Content/Enums/ENiagaraKillVolumeOptions.uasset" 373
"../../Plugins/FX/Niagara/Content/Enums/ENiagaraLinearColor_Channels.uasset" 374
"../../Plugins/FX/Niagara/Content/Enums/ENiagaraMassByVolume.uasset" 375
"../../Plugins/FX/Niagara/Content/Enums/ENiagaraMassCalculationForRendererTypes.uasset" 376
"../../Plugins/FX/Niagara/Content/Enums/ENiagaraMeshOrSprite.uasset" 377
"../../Plugins/FX/Niagara/Content/Enums/ENiagaraMeshSamplingMode.uasset" 378
"../../Plugins/FX/Niagara/Content/Enums/ENiagaraMeshSurfaceSamplingMode.uasset" 379
"../../Plugins/FX/Niagara/Content/Enums/ENiagaraMeshTransforms.uasset" 380
"../../Plugins/FX/Niagara/Content/Enums/ENiagaraMinOrMax.uasset" 381
"../../Plugins/FX/Niagara/Content/Enums/ENiagaraOrientationAxis.uasset" 382
"../../Plugins/FX/Niagara/Content/Enums/ENiagaraRandomnessMode.uasset" 383
"../../Plugins/FX/Niagara/Content/Enums/ENiagaraRestitutionMergeType.uasset" 384
"../../Plugins/FX/Niagara/Content/Enums/ENiagaraScaleColorMode.uasset" 385
"../../Plugins/FX/Niagara/Content/Enums/ENiagaraSimulationTarget.uasset" 386
"../../Plugins/FX/Niagara/Content/Enums/ENiagaraSkeletalSpawning.uasset" 387
"../../Plugins/FX/Niagara/Content/Enums/ENiagaraSkelSamplingFilteringMode.uasset" 388
"../../Plugins/FX/Niagara/Content/Enums/ENiagaraSkelSamplingModeFull.uasset" 389
"../../Plugins/FX/Niagara/Content/Enums/ENiagaraSocketSamplingMode.uasset" 390
"../../Plugins/FX/Niagara/Content/Enums/ENiagaraSUbUVAnimationMode.uasset" 391
"../../Plugins/FX/Niagara/Content/Enums/ENiagaraSystemInactiveMode.uasset" 392
"../../Plugins/FX/Niagara/Content/Enums/ENiagaraTorusDistributionMode.uasset" 393
"../../Plugins/FX/Niagara/Content/Enums/ENiagaraTorusMode.uasset" 394
"../../Plugins/FX/Niagara/Content/Enums/ENiagaraTriangleSamplingMode.uasset" 395
"../../Plugins/FX/Niagara/Content/Enums/ENiagaraVector2_Channels.uasset" 396
"../../Plugins/FX/Niagara/Content/Enums/ENiagaraVector3_Channels.uasset" 397
"../../Plugins/FX/Niagara/Content/Enums/ENiagaraVector4_Channels.uasset" 398
"../../Plugins/FX/Niagara/Content/Enums/ENiagaraVertexFilteringMode.uasset" 399
"../../Plugins/FX/Niagara/Content/Enums/ENiagaraVertexSamplingMode.uasset" 400
"../../Plugins/FX/Niagara/Content/Enums/ENiagara_CameraMeshOrientation.uasset" 401
"../../Plugins/FX/Niagara/Content/Enums/ENiagara_CameraProperties.uasset" 402
"../../Plugins/FX/Niagara/Content/Enums/ENiagara_CollisionType.uasset" 403
"../../Plugins/FX/Niagara/Content/Enums/ENiagara_CPUCollisionType.uasset" 404
"../../Plugins/FX/Niagara/Content/Enums/ENiagara_EmitterStateOptions.uasset" 405
"../../Plugins/FX/Niagara/Content/Enums/ENiagara_Float4Channel.uasset" 406
"../../Plugins/FX/Niagara/Content/Enums/ENiagara_GPUCollisionType.uasset" 407
"../../Plugins/FX/Niagara/Content/Enums/ENiagara_InfiniteLoopDuration.uasset" 408
"../../Plugins/FX/Niagara/Content/Icons/S_ParticleSystem.uasset" 409
"../../../Engine/Content/Functions/Engine_MaterialFunctions02/Utility/BreakOutFloat4Components.uasset" 410
"../../Plugins/Runtime/Oculus/OculusVR/Content/Materials/OculusMR_ChromaKey.uasset" 411
"../../Plugins/Runtime/Oculus/OculusVR/Content/Materials/OculusMR_ChromaKey_Lit.uasset" 412
"../../Plugins/Runtime/Oculus/OculusVR/Content/Materials/OculusMR_OpaqueColoredMaterial.uasset" 413
"../../Plugins/Runtime/Oculus/OculusVR/Content/Materials/OculusMR_WhiteMaterial.uasset" 414
"../../../Engine/Content/Animation/DefaultAnimBoneCompressionSettings.uasset" 415
"../../../../../UE4/UniGameJam/GameJam/Content/Meshes/Penguin/New/pingu_rigged_Skeleton.uasset" 416
"../../../../../UE4/UniGameJam/GameJam/Content/Meshes/Penguin/New/pingu_rigged_Skeleton_Sequence.uasset" 417
"../../../../../UE4/UniGameJam/GameJam/Content/Icons/cannonball.uasset" 418
"../../../../../UE4/UniGameJam/GameJam/Content/Icons/powderbarrel.uasset" 419
"../../../../../UE4/UniGameJam/GameJam/Content/Icons/rope.uasset" 420
"../../../Engine/Content/Maps/Entry_BuiltData.uasset" 421
"../../../Engine/Content/Maps/Entry.umap" 422
"../../../../../UE4/UniGameJam/GameJam/Content/Blueprints/BPI_MachineInteract.uasset" 423
"../../../../../UE4/UniGameJam/GameJam/Content/Blueprints/Machines/CaannonBallPicker.uasset" 424
"../../../../../UE4/UniGameJam/GameJam/Content/Meshes/Barrell/NMT_Barrell.uasset" 425
"../../../../../UE4/UniGameJam/GameJam/Content/Meshes/Barrell/T_BarrellColour.uasset" 426
"../../../../../UE4/UniGameJam/GameJam/Content/Meshes/Barrell/T_BarrellMettal.uasset" 427
"../../../../../UE4/UniGameJam/GameJam/Content/Meshes/Barrell/T_BarrellRougness.uasset" 428
"../../../../../UE4/UniGameJam/GameJam/Content/Meshes/Barrell/M_barrell.uasset" 429
"../../../../../UE4/UniGameJam/GameJam/Content/Meshes/Penguin/peng.uasset" 430
"../../../../../UE4/UniGameJam/GameJam/Content/Meshes/Penguin/Material.uasset" 431
"../../../Engine/Content/BasicShapes/Cone.uasset" 432
"../../../../../UE4/UniGameJam/GameJam/Content/Meshes/Barrell/barrel__2_.uasset" 433
"../../../../../UE4/UniGameJam/GameJam/Content/Meshes/CannonBall/NMT_Cannonball.uasset" 434
"../../../../../UE4/UniGameJam/GameJam/Content/Meshes/CannonBall/M_Cannonball.uasset" 435
"../../../../../UE4/UniGameJam/GameJam/Content/Meshes/CannonBall/cannonBall.uasset" 436
"../../../../../UE4/UniGameJam/GameJam/Content/Meshes/Penguin/New/T_Pingu.uasset" 437
"../../../../../UE4/UniGameJam/GameJam/Content/Meshes/Penguin/New/base.uasset" 438
"../../../../../UE4/UniGameJam/GameJam/Content/Meshes/Penguin/New/pingu.uasset" 439
"../../../../../UE4/UniGameJam/GameJam/Content/Meshes/Penguin/New/pingu_rigged_PhysicsAsset.uasset" 440
"../../../../../UE4/UniGameJam/GameJam/Content/Meshes/Penguin/New/pingu_rigged.uasset" 441
"../../../../../UE4/UniGameJam/GameJam/Content/Meshes/Rope/lambert1_Base_Color__2_.uasset" 442
"../../../../../UE4/UniGameJam/GameJam/Content/Meshes/Rope/lambert1_Normal_OpenGL__3_.uasset" 443
"../../../../../UE4/UniGameJam/GameJam/Content/Meshes/Rope/M_Rope.uasset" 444
"../../../../../UE4/UniGameJam/GameJam/Content/Meshes/Rope/Rope.uasset" 445
"../../../../../UE4/UniGameJam/GameJam/Content/Blueprints/BP_Player.uasset" 446
"../../../../../UE4/UniGameJam/GameJam/Content/Blueprints/BPI_ItemCollection.uasset" 447
"../../../../../UE4/UniGameJam/GameJam/Content/Blueprints/Machines/BP_MainMachineClass.uasset" 448
"../../../../../UE4/UniGameJam/GameJam/Content/Blueprints/Machines/shop.uasset" 449
"../../../Engine/Content/BasicShapes/Cube.uasset" 450
"../../../../../UE4/UniGameJam/GameJam/Content/Icons/powder.uasset" 451
"../../../../../UE4/UniGameJam/GameJam/Content/Blueprints/Machines/BP_collectionPoint.uasset" 452
"../../../Engine/Content/EngineSky/C_Sky_Cloud_Color.uasset" 453
"../../../Engine/Content/EngineSky/C_Sky_Horizon_Color.uasset" 454
"../../../Engine/Content/EngineSky/C_Sky_Zenith_Color.uasset" 455
"../../../Engine/Content/EngineSky/T_Sky_Blue.uasset" 456
"../../../Engine/Content/EngineSky/T_Sky_Clouds_M.uasset" 457
"../../../Engine/Content/EngineSky/T_Sky_Stars.uasset" 458
"../../../Engine/Content/EngineSky/M_Sky_Panning_Clouds2.uasset" 459
"../../../Engine/Content/EngineSky/SM_SkySphere.uasset" 460
"../../../Engine/Content/EngineSky/BP_Sky_Sphere.uasset" 461
"../../../../../UE4/UniGameJam/GameJam/Content/Blueprints/BP_level.uasset" 462
"../../../Engine/Content/BasicShapes/BasicShapeMaterial.uasset" 463
"../../../../../UE4/UniGameJam/GameJam/Content/Meshes/Ships/base.uasset" 464
"../../../../../UE4/UniGameJam/GameJam/Content/Meshes/Ships/a.uasset" 465
"../../../../../UE4/UniGameJam/GameJam/Content/Meshes/Ships/gold__1_.uasset" 466
"../../../../../UE4/UniGameJam/GameJam/Content/Meshes/Ships/gold.uasset" 467
"../../../../../UE4/UniGameJam/GameJam/Content/Meshes/Ships/flag.uasset" 468
"../../../../../UE4/UniGameJam/GameJam/Content/Meshes/Ships/lambert1.uasset" 469
"../../../../../UE4/UniGameJam/GameJam/Content/Meshes/Ships/ship__3__polySurface6.uasset" 470
"../../../../../UE4/UniGameJam/GameJam/Content/Blueprints/BP_OrderController.uasset" 471
"../../../../../UE4/UniGameJam/GameJam/Content/Meshes/Chest/Twood.uasset" 472
"../../../../../UE4/UniGameJam/GameJam/Content/Meshes/Chest/wood.uasset" 473
"../../../../../UE4/UniGameJam/GameJam/Content/Meshes/Create/crate_bottom__3_.uasset" 474
"../../../../../UE4/UniGameJam/GameJam/Content/Blueprints/Machines/BP_CannonBallSpawner.uasset" 475
"../../../../../UE4/UniGameJam/GameJam/Content/Blueprints/Machines/BP_GunPDispenser.uasset" 476
"../../../../../UE4/UniGameJam/GameJam/Content/Meshes/WorkBench/T_Workbench.uasset" 477
"../../../../../UE4/UniGameJam/GameJam/Content/Meshes/WorkBench/M_Workbench.uasset" 478
"../../../../../UE4/UniGameJam/GameJam/Content/Meshes/WorkBench/workbench__2_.uasset" 479
"../../../../../UE4/UniGameJam/GameJam/Content/Blueprints/Machines/BP_GunPowderCrafter.uasset" 480
"../../../../../UE4/UniGameJam/GameJam/Content/Blueprints/Machines/BP_RopeColPoint.uasset" 481
"../../../../../UE4/UniGameJam/GameJam/Content/Meshes/TableSquare/lambert2_Base_Color.uasset" 482
"../../../../../UE4/UniGameJam/GameJam/Content/Meshes/TableSquare/M_SquareTable.uasset" 483
"../../../../../UE4/UniGameJam/GameJam/Content/Meshes/TableSquare/squareTable.uasset" 484
"../../../../../UE4/UniGameJam/GameJam/Content/Blueprints/Machines/BP_Table.uasset" 485
"../../../../../UE4/UniGameJam/GameJam/Content/Meshes/Create/NMT_Crate.uasset" 486
"../../../../../UE4/UniGameJam/GameJam/Content/Meshes/Create/T_Crate.uasset" 487
"../../../../../UE4/UniGameJam/GameJam/Content/Meshes/Create/M_crate.uasset" 488
"../../../../../UE4/UniGameJam/GameJam/Content/Meshes/Create/lid_crate__1_.uasset" 489
"../../../../../UE4/UniGameJam/GameJam/Content/Meshes/Create/BP_BIN.uasset" 490
"../../../../../UE4/UniGameJam/GameJam/Content/Meshes/Dock/dock_lambert1_BaseColor.uasset" 491
"../../../../../UE4/UniGameJam/GameJam/Content/Meshes/Dock/M_walls.uasset" 492
"../../../../../UE4/UniGameJam/GameJam/Content/Meshes/Dock/dock__4_.uasset" 493
"../../../../../UE4/UniGameJam/GameJam/Content/Meshes/Dock/BP_Dock.uasset" 494
"../../../../../UE4/UniGameJam/GameJam/Content/Meshes/Lantern/gold__3_.uasset" 495
"../../../../../UE4/UniGameJam/GameJam/Content/Meshes/Lantern/gold.uasset" 496
"../../../../../UE4/UniGameJam/GameJam/Content/Meshes/Lantern/phong1.uasset" 497
"../../../../../UE4/UniGameJam/GameJam/Content/Meshes/Lantern/lantern.uasset" 498
"../../../../../UE4/UniGameJam/GameJam/Content/Meshes/Lantern/BP_Lantern.uasset" 499
"../../../../../UE4/UniGameJam/GameJam/Content/Level1_BuiltData.uasset" 500
"../../../Engine/Content/Functions/Engine_MaterialFunctions01/Gradient/LinearGradient.uasset" 501
"../../../../../UE4/UniGameJam/GameJam/Content/Meshes/Ships/WaveTextureDarker.uasset" 502
"../../../../../UE4/UniGameJam/GameJam/Content/Meshes/Ships/WaterShader2.uasset" 503
"../../../Engine/Content/BasicShapes/Plane.uasset" 504
"../../../../../UE4/UniGameJam/GameJam/Content/Meshes/Chest/gold__2_.uasset" 505
"../../../../../UE4/UniGameJam/GameJam/Content/Meshes/Chest/gold.uasset" 506
"../../../../../UE4/UniGameJam/GameJam/Content/Meshes/Chest/chest.uasset" 507
"../../../../../UE4/UniGameJam/GameJam/Content/Blueprints/lambert1.uasset" 508
"../../../../../UE4/UniGameJam/GameJam/Content/Meshes/Dock/walls__4__polySurface858.uasset" 509
"../../../../../UE4/UniGameJam/GameJam/Content/Meshes/Dock/walls__4__polySurface872.uasset" 510
"../../../../../UE4/UniGameJam/GameJam/Content/Meshes/Ships/floor.uasset" 511
"../../../../../UE4/UniGameJam/GameJam/Content/Nic/Coins/Coin_Normal_T.uasset" 512
"../../../../../UE4/UniGameJam/GameJam/Content/Nic/Coins/M_coin.uasset" 513
"../../../../../UE4/UniGameJam/GameJam/Content/Nic/Coins/Coin_SM.uasset" 514
"../../../../../UE4/UniGameJam/GameJam/Content/Nic/Coins/Coin_p.uasset" 515
"../../../Engine/Content/EngineMaterials/OrientParticle.uasset" 516
"../../../Engine/Content/EngineMaterials/DefaultParticle.uasset" 517
"../../../Engine/Content/Functions/Engine_MaterialFunctions01/Density/ExponentialDensity.uasset" 518
"../../../Engine/Content/Functions/Engine_MaterialFunctions01/Gradient/RadialGradientExponential.uasset" 519
"../../../../../UE4/UniGameJam/GameJam/Content/Nic/M_Windlines2.uasset" 520
"../../../../../UE4/UniGameJam/GameJam/Content/Nic/M_Windlines.uasset" 521
"../../../../../UE4/UniGameJam/GameJam/Content/Level1.umap" 522
